[Request Log] 2024/05/08 18:36:06 Request: POST {{"status":"mjLLchto"}}
[Request Log] 2024/05/08 18:36:06 Response is nil
[Request Log] 2024/05/08 18:36:33 Request: POST {{"status":"4uPboHXO"}}
[Request Log] 2024/05/08 18:36:33 Response Status: 200
[Request Log] 2024/05/08 18:37:37 Request: POST {{"status":"FxqHIiPd"}}
[Request Log] 2024/05/08 18:37:37 Response Status: 200
[Request Log] 2024/05/08 18:37:53 Request: POST {{"status":"success"}}
[Request Log] 2024/05/08 18:37:53 Response Status: 200
[Request Log] 2024/05/08 18:40:30 Request: POST {{"status":"success"}}
[Request Log] 2024/05/08 18:40:30 Response Status: 200
[Request Log] 2024/05/08 18:44:39 Request: POST {{"status":"success"}}
[Request Log] 2024/05/08 18:44:39 Response Status: 200
[Request Log] 2024/05/08 18:46:51 Request: POST {{"status":"success"}}
[Request Log] 2024/05/08 18:46:51 Response Status: 200
[Request Log] 2024/05/08 18:47:30 Request: POST {{"status":"1LplWoHI"}}
[Request Log] 2024/05/08 18:47:30 Response Status: 200
[Request Log] 2024/05/08 18:47:36 Request: POST {{"status":"qo7qUOGj"}}
[Request Log] 2024/05/08 18:47:36 Response Status: 200
[Request Log] 2024/05/08 18:50:02 Request: POST {{"avatar_url":"https://kz.com","content":"1kALQ8GD","embeds":[{"author":{"icon_url":"https://1n91.com","name":"d3ZBH5CE","url":"https://L18RcPS.com"},"color":15258703,"description":"https://adOancKrh.com","fields":[{"inline":true,"name":"sSOTSDze","value":"yPJYdmEG"},{"inline":true,"name":"KwyAjHG4","value":"UQ3HiOuB"},{"name":"x4OAXxZ3","value":"enZARpfB"},{"name":"WP7kZiLY","value":"1pSjp9UQ"}],"footer":{"icon_url":"https://hJTgxK4d.com","text":"XwXJn2tJ"},"image":{"url":"https://oRkjE.com"},"thumbnail":{"url":"https://TSwq7K.com"},"title":"uf0XanUv","url":"https://16Jc1HRm.com"}],"username":"DHOZE6bM"}}
[Request Log] 2024/05/08 18:50:02 Response Status: 200
